[2m2021-02-27 11:25:00.063[0;39m [  ] [32m INFO[0;39m [35m6156[0;39m [2m---[0;39m [2m[  restartedMain][0;39m [36mc.r.LogAggregationDemoApplication       [0;39m [2m:[0;39m Starting LogAggregationDemoApplication using Java 1.8.0_281 on DESKTOP-G2GRHTT with PID 6156 (C:\Users\cgon5\Documents\210211sre\LogAggregationDemo\target\classes started by cgon5 in C:\Users\cgon5\Documents\210211sre\LogAggregationDemo)
[2m2021-02-27 11:25:00.143[0;39m [  ] [32m INFO[0;39m [35m6156[0;39m [2m---[0;39m [2m[  restartedMain][0;39m [36mc.r.LogAggregationDemoApplication       [0;39m [2m:[0;39m No active profile set, falling back to default profiles: default
[2m2021-02-27 11:25:08.873[0;39m [  ] [32m INFO[0;39m [35m6156[0;39m [2m---[0;39m [2m[  restartedMain][0;39m [36mc.r.LogAggregationDemoApplication       [0;39m [2m:[0;39m Started LogAggregationDemoApplication in 9.498 seconds (JVM running for 10.368)
[2m2021-02-27 11:30:32.741[0;39m [  ] [32m INFO[0;39m [35m18704[0;39m [2m---[0;39m [2m[  restartedMain][0;39m [36mc.r.LogAggregationDemoApplication       [0;39m [2m:[0;39m Starting LogAggregationDemoApplication using Java 1.8.0_281 on DESKTOP-G2GRHTT with PID 18704 (C:\Users\cgon5\Documents\210211sre\LogAggregationDemo\target\classes started by cgon5 in C:\Users\cgon5\Documents\210211sre\LogAggregationDemo)
[2m2021-02-27 11:30:32.747[0;39m [  ] [32m INFO[0;39m [35m18704[0;39m [2m---[0;39m [2m[  restartedMain][0;39m [36mc.r.LogAggregationDemoApplication       [0;39m [2m:[0;39m No active profile set, falling back to default profiles: default
[2m2021-02-27 11:30:41.035[0;39m [  ] [32m INFO[0;39m [35m18704[0;39m [2m---[0;39m [2m[  restartedMain][0;39m [36mc.r.LogAggregationDemoApplication       [0;39m [2m:[0;39m Started LogAggregationDemoApplication in 8.627 seconds (JVM running for 9.539)
[2m2021-02-27 11:41:43.774[0;39m [  ] [32m INFO[0;39m [35m17816[0;39m [2m---[0;39m [2m[  restartedMain][0;39m [36mc.r.LogAggregationDemoApplication       [0;39m [2m:[0;39m Starting LogAggregationDemoApplication using Java 1.8.0_281 on DESKTOP-G2GRHTT with PID 17816 (C:\Users\cgon5\Documents\210211sre\LogAggregationDemo\target\classes started by cgon5 in C:\Users\cgon5\Documents\210211sre\LogAggregationDemo)
[2m2021-02-27 11:41:43.780[0;39m [  ] [32m INFO[0;39m [35m17816[0;39m [2m---[0;39m [2m[  restartedMain][0;39m [36mc.r.LogAggregationDemoApplication       [0;39m [2m:[0;39m No active profile set, falling back to default profiles: default
[2m2021-02-27 11:41:49.894[0;39m [  ] [32m INFO[0;39m [35m17816[0;39m [2m---[0;39m [2m[  restartedMain][0;39m [36mc.r.LogAggregationDemoApplication       [0;39m [2m:[0;39m Started LogAggregationDemoApplication in 6.378 seconds (JVM running for 7.132)
2021-03-03 14:00:12.337 [  ]  INFO 9420 --- [           main] c.r.LogAggregationDemoApplicationTests   : Starting LogAggregationDemoApplicationTests using Java 1.8.0_281 on DESKTOP-G2GRHTT with PID 9420 (started by cgon5 in C:\Users\cgon5\Documents\210211sre\LogAggregationDemo)
2021-03-03 14:00:14.388 [  ]  INFO 9420 --- [           main] c.r.LogAggregationDemoApplicationTests   : No active profile set, falling back to default profiles: default
2021-03-03 14:00:20.007 [  ]  INFO 9420 --- [           main] c.r.LogAggregationDemoApplicationTests   : Started LogAggregationDemoApplicationTests in 9.99 seconds (JVM running for 10.965)
[2m2021-03-08 13:42:47.337[0;39m [  ] [32m INFO[0;39m [35m18964[0;39m [2m---[0;39m [2m[  restartedMain][0;39m [36mc.r.LogAggregationDemoApplication       [0;39m [2m:[0;39m Starting LogAggregationDemoApplication using Java 1.8.0_281 on DESKTOP-G2GRHTT with PID 18964 (C:\Users\cgon5\Documents\210211sre\LogAggregationDemo\target\classes started by cgon5 in C:\Users\cgon5\Documents\210211sre\LogAggregationDemo)
[2m2021-03-08 13:42:49.401[0;39m [  ] [32m INFO[0;39m [35m18964[0;39m [2m---[0;39m [2m[  restartedMain][0;39m [36mc.r.LogAggregationDemoApplication       [0;39m [2m:[0;39m No active profile set, falling back to default profiles: default
[2m2021-03-08 13:42:56.012[0;39m [  ] [32m INFO[0;39m [35m18964[0;39m [2m---[0;39m [2m[  restartedMain][0;39m [36mc.r.LogAggregationDemoApplication       [0;39m [2m:[0;39m Started LogAggregationDemoApplication in 11.011 seconds (JVM running for 11.845)
[2m2021-03-08 13:45:06.523[0;39m [  ] [32m INFO[0;39m [35m18964[0;39m [2m---[0;39m [2m[  restartedMain][0;39m [36mc.r.LogAggregationDemoApplication       [0;39m [2m:[0;39m Starting LogAggregationDemoApplication using Java 1.8.0_281 on DESKTOP-G2GRHTT with PID 18964 (C:\Users\cgon5\Documents\210211sre\LogAggregationDemo\target\classes started by cgon5 in C:\Users\cgon5\Documents\210211sre\LogAggregationDemo)
[2m2021-03-08 13:45:08.569[0;39m [  ] [32m INFO[0;39m [35m18964[0;39m [2m---[0;39m [2m[  restartedMain][0;39m [36mc.r.LogAggregationDemoApplication       [0;39m [2m:[0;39m No active profile set, falling back to default profiles: default
[2m2021-03-08 13:45:09.975[0;39m [  ] [32m INFO[0;39m [35m18964[0;39m [2m---[0;39m [2m[  restartedMain][0;39m [36mc.r.LogAggregationDemoApplication       [0;39m [2m:[0;39m Started LogAggregationDemoApplication in 5.553 seconds (JVM running for 145.81)
[2m2021-03-08 13:46:10.000[0;39m [ duration=336, requestId=d31c12c9-d457-4657-856f-844f62fe0d62 ] [32m INFO[0;39m [35m18964[0;39m [2m---[0;39m [2m[nio-8080-exec-1][0;39m [36mcom.revature.filters.DurationFilter     [0;39m [2m:[0;39m Request has finished processing and took 336 ms
[2m2021-03-08 13:46:12.062[0;39m [ duration=6, requestId=dec4245a-e84f-4dfb-9edc-cfa955c9e446 ] [32m INFO[0;39m [35m18964[0;39m [2m---[0;39m [2m[nio-8080-exec-1][0;39m [36mcom.revature.filters.DurationFilter     [0;39m [2m:[0;39m Request has finished processing and took 6 ms
[2m2021-03-08 13:46:58.032[0;39m [ duration=29, requestId=975f3e03-7dbc-4b7a-a38a-a70211bf22af ] [32m INFO[0;39m [35m18964[0;39m [2m---[0;39m [2m[nio-8080-exec-2][0;39m [36mcom.revature.filters.DurationFilter     [0;39m [2m:[0;39m Request has finished processing and took 29 ms
2021-03-10 13:44:37.823 [  ]  INFO 7960 --- [           main] c.r.LogAggregationDemoApplicationTests   : Starting LogAggregationDemoApplicationTests using Java 1.8.0_281 on DESKTOP-G2GRHTT with PID 7960 (started by cgon5 in C:\Users\cgon5\Documents\210211sre\LogAggregationDemo)
2021-03-10 13:44:39.892 [  ]  INFO 7960 --- [           main] c.r.LogAggregationDemoApplicationTests   : No active profile set, falling back to default profiles: default
2021-03-10 13:44:49.398 [  ]  INFO 7960 --- [           main] c.r.LogAggregationDemoApplicationTests   : Started LogAggregationDemoApplicationTests in 14.139 seconds (JVM running for 17.34)
